<?xml version="1.0" encoding="UTF-8"?>
<testng-results ignored="0" total="2" passed="2" failed="0" skipped="0">
  <reporter-output>
  </reporter-output>
  <suite started-at="2023-12-19T04:41:44 GMT" name="Default suite" finished-at="2023-12-19T04:41:46 GMT" duration-ms="2657">
    <groups>
      <group name="cucumber">
        <method signature="AbstractTestNGCucumberTests.runScenario(io.cucumber.testng.PickleWrapper, io.cucumber.testng.FeatureWrapper)[pri:0, instance:runners.CRMRunner@5d7148e2]" name="runScenario" class="io.cucumber.testng.AbstractTestNGCucumberTests"/>
      </group> <!-- cucumber -->
    </groups>
    <test started-at="2023-12-19T04:41:44 GMT" name="Default test" finished-at="2023-12-19T04:41:46 GMT" duration-ms="2657">
      <class name="runners.CRMRunner">
        <test-method is-config="true" signature="setUpClass(org.testng.ITestContext)[pri:0, instance:runners.CRMRunner@5d7148e2]" started-at="2023-12-19T04:41:44 GMT" name="setUpClass" finished-at="2023-12-19T04:41:45 GMT" duration-ms="872" status="PASS">
          <params>
            <param index="0">
              <value>
                <![CDATA[org.testng.TestRunner@1fde4f40]]>
              </value>
            </param>
          </params>
          <reporter-output>
          </reporter-output>
        </test-method> <!-- setUpClass -->
        <test-method signature="runScenario(io.cucumber.testng.PickleWrapper, io.cucumber.testng.FeatureWrapper)[pri:0, instance:runners.CRMRunner@5d7148e2]" started-at="2023-12-19T04:41:45 GMT" name="runScenario" description="Runs Cucumber Scenarios" data-provider="scenarios" finished-at="2023-12-19T04:41:45 GMT" duration-ms="168" status="PASS">
          <params>
            <param index="0">
              <value>
                <![CDATA["Create a new Tasks"]]>
              </value>
            </param>
            <param index="1">
              <value>
                <![CDATA["Contacts CRUD Management"]]>
              </value>
            </param>
          </params>
          <reporter-output>
          </reporter-output>
        </test-method> <!-- runScenario -->
        <test-method signature="runScenario(io.cucumber.testng.PickleWrapper, io.cucumber.testng.FeatureWrapper)[pri:0, instance:runners.CRMRunner@5d7148e2]" started-at="2023-12-19T04:41:45 GMT" name="runScenario" description="Runs Cucumber Scenarios" data-provider="scenarios" finished-at="2023-12-19T04:41:45 GMT" duration-ms="30" status="PASS">
          <params>
            <param index="0">
              <value>
                <![CDATA["Delete a Tasks"]]>
              </value>
            </param>
            <param index="1">
              <value>
                <![CDATA["Contacts CRUD Management"]]>
              </value>
            </param>
          </params>
          <reporter-output>
          </reporter-output>
        </test-method> <!-- runScenario -->
        <test-method is-config="true" signature="tearDownClass()[pri:0, instance:runners.CRMRunner@5d7148e2]" started-at="2023-12-19T04:41:45 GMT" name="tearDownClass" finished-at="2023-12-19T04:41:46 GMT" duration-ms="1540" status="PASS">
          <reporter-output>
          </reporter-output>
        </test-method> <!-- tearDownClass -->
      </class> <!-- runners.CRMRunner -->
    </test> <!-- Default test -->
  </suite> <!-- Default suite -->
</testng-results>
