<?xml version="1.0" encoding="UTF-8"?>
<!-- Generated by org.testng.reporters.JUnitReportReporter -->
<testsuite hostname="EC2AMAZ-S11DBRH" failures="1" tests="1" name="runners.Rerunner" time="7.514" errors="0" timestamp="2023-12-15T10:53:27 GMT" skipped="0">
  <testcase classname="runners.Rerunner" name="runScenario" time="7.514">
    <failure message="expected [Selenium Tutorial - Google Search] but found [SeleniumTutorial - Google Search]" type="java.lang.AssertionError">
      <![CDATA[java.lang.AssertionError: expected [Selenium Tutorial - Google Search] but found [SeleniumTutorial - Google Search]
at org.testng.Assert.fail(Assert.java:99)
at org.testng.Assert.failNotEquals(Assert.java:1037)
at org.testng.Assert.assertEqualsImpl(Assert.java:140)
at org.testng.Assert.assertEquals(Assert.java:122)
at org.testng.Assert.assertEquals(Assert.java:629)
at org.testng.Assert.assertEquals(Assert.java:639)
at stepDefs.GooglePageStepDef.should_display_selenium_result_page(GooglePageStepDef.java:48)
at âœ½.Should display Selenium Result Page(file:///C:/Users/Administrator/GitPro/CucumberProjectDemo15/src/test/resources/features/GoogleSearch.feature:13)
]]>
    </failure>
  </testcase> <!-- runScenario -->
  <system-out/>
</testsuite> <!-- runners.Rerunner -->
